<?xml version="1.0" encoding="UTF-8"?>
<!-- Generated by org.testng.reporters.JUnitReportReporter -->
<testsuite hostname="DESKTOP-H4ORJ48" failures="0" tests="1" name="bootcamp2.bootcamp2ProjectB.TestCl" time="101.830" errors="0" timestamp="2023-09-16T16:55:44 SGT" skipped="0">
  <testcase classname="bootcamp2.bootcamp2ProjectB.TestCl" name="f" time="101.830"/>
</testsuite> <!-- bootcamp2.bootcamp2ProjectB.TestCl -->
